<?xml version="1.0" encoding="UTF-8"?>
<!-- Generated by org.testng.reporters.JUnitReportReporter -->
<testsuite skipped="0" hostname="DESKTOP-J2EI2EE" name="com.soumi.compediumautomation.ui.tests.CompediumTests" tests="6" failures="0" timestamp="2020-05-17T12:30:35 IST" time="15.144" errors="0">
  <testcase name="submitForm" time="2.172" classname="com.soumi.compediumautomation.ui.tests.CompediumTests"/>
  <system-out/>
  <testcase name="submitForm" time="2.655" classname="com.soumi.compediumautomation.ui.tests.CompediumTests"/>
  <system-out/>
  <testcase name="submitForm" time="2.115" classname="com.soumi.compediumautomation.ui.tests.CompediumTests"/>
  <system-out/>
  <testcase name="resetAllFields" time="4.127" classname="com.soumi.compediumautomation.ui.tests.CompediumTests"/>
  <system-out/>
  <testcase name="submitForm" time="4.023" classname="com.soumi.compediumautomation.ui.tests.CompediumTests"/>
  <system-out/>
  <testcase name="verifyPageTitle" time="0.052" classname="com.soumi.compediumautomation.ui.tests.CompediumTests"/>
  <system-out/>
</testsuite> <!-- com.soumi.compediumautomation.ui.tests.CompediumTests -->
