<?xml version="1.0" encoding="UTF-8"?>
<!-- Generated by org.testng.reporters.JUnitReportReporter -->
<testsuite skipped="0" hostname="DESKTOP-J2EI2EE" name="com.soumi.compediumautomation.ui.tests.CompediumTests" tests="5" failures="0" timestamp="17 May 2020 09:15:14 GMT" time="14.438" errors="0">
  <testcase name="resetAllFields" time="4.971" classname="com.soumi.compediumautomation.ui.tests.CompediumTests"/>
  <testcase name="submitForm" time="4.786" classname="com.soumi.compediumautomation.ui.tests.CompediumTests"/>
  <testcase name="submitForm" time="1.842" classname="com.soumi.compediumautomation.ui.tests.CompediumTests"/>
  <testcase name="submitForm" time="2.774" classname="com.soumi.compediumautomation.ui.tests.CompediumTests"/>
  <testcase name="verifyPageTitle" time="0.065" classname="com.soumi.compediumautomation.ui.tests.CompediumTests"/>
</testsuite> <!-- com.soumi.compediumautomation.ui.tests.CompediumTests -->
